2020-12-21 00:38:23.539  INFO 12556 --- [restartedMain] b.s.d.DentalclinicApplication            : Starting DentalclinicApplication using Java 1.8.0_231 on DESKTOP-K6FD3O4 with PID 12556 (D:\JavaLabs\DentalClinic\target\classes started by valerie_brave in D:\JavaLabs\DentalClinic)
2020-12-21 00:38:23.570  INFO 12556 --- [restartedMain] b.s.d.DentalclinicApplication            : No active profile set, falling back to default profiles: default
2020-12-21 00:38:23.992  INFO 12556 --- [restartedMain] .e.DevToolsPropertyDefaultsPostProcessor : Devtools property defaults active! Set 'spring.devtools.add-properties' to 'false' to disable
2020-12-21 00:38:23.992  INFO 12556 --- [restartedMain] .e.DevToolsPropertyDefaultsPostProcessor : For additional web related logging consider setting the 'logging.level.web' property to 'DEBUG'
2020-12-21 00:38:29.915  INFO 12556 --- [restartedMain] .s.d.r.c.RepositoryConfigurationDelegate : Bootstrapping Spring Data JPA repositories in DEFAULT mode.
2020-12-21 00:38:30.118  INFO 12556 --- [restartedMain] .s.d.r.c.RepositoryConfigurationDelegate : Finished Spring Data repository scanning in 181 ms. Found 4 JPA repository interfaces.
2020-12-21 00:38:31.645  INFO 12556 --- [restartedMain] trationDelegate$BeanPostProcessorChecker : Bean 'org.springframework.security.access.expression.method.DefaultMethodSecurityExpressionHandler@6cef6c04' of type [org.springframework.security.access.expression.method.DefaultMethodSecurityExpressionHandler] is not eligible for getting processed by all BeanPostProcessors (for example: not eligible for auto-proxying)
2020-12-21 00:38:31.676  INFO 12556 --- [restartedMain] trationDelegate$BeanPostProcessorChecker : Bean 'methodSecurityMetadataSource' of type [org.springframework.security.access.method.DelegatingMethodSecurityMetadataSource] is not eligible for getting processed by all BeanPostProcessors (for example: not eligible for auto-proxying)
2020-12-21 00:38:33.166  INFO 12556 --- [restartedMain] o.s.b.w.embedded.tomcat.TomcatWebServer  : Tomcat initialized with port(s): 8080 (http)
2020-12-21 00:38:33.198  INFO 12556 --- [restartedMain] o.apache.catalina.core.StandardService   : Starting service [Tomcat]
2020-12-21 00:38:33.198  INFO 12556 --- [restartedMain] org.apache.catalina.core.StandardEngine  : Starting Servlet engine: [Apache Tomcat/9.0.41]
2020-12-21 00:38:33.666  INFO 12556 --- [restartedMain] o.a.c.c.C.[Tomcat].[localhost].[/]       : Initializing Spring embedded WebApplicationContext
2020-12-21 00:38:33.666  INFO 12556 --- [restartedMain] w.s.c.ServletWebServerApplicationContext : Root WebApplicationContext: initialization completed in 9658 ms
2020-12-21 00:38:34.494  INFO 12556 --- [restartedMain] com.zaxxer.hikari.HikariDataSource       : HikariPool-1 - Starting...
2020-12-21 00:38:35.572  INFO 12556 --- [restartedMain] com.zaxxer.hikari.HikariDataSource       : HikariPool-1 - Start completed.
2020-12-21 00:38:35.744  INFO 12556 --- [restartedMain] o.hibernate.jpa.internal.util.LogHelper  : HHH000204: Processing PersistenceUnitInfo [name: default]
2020-12-21 00:38:35.932  INFO 12556 --- [restartedMain] org.hibernate.Version                    : HHH000412: Hibernate ORM core version 5.4.25.Final
2020-12-21 00:38:36.307  INFO 12556 --- [restartedMain] o.hibernate.annotations.common.Version   : HCANN000001: Hibernate Commons Annotations {5.1.2.Final}
2020-12-21 00:38:36.650  INFO 12556 --- [restartedMain] org.hibernate.dialect.Dialect            : HHH000400: Using dialect: org.hibernate.dialect.SQLServer2012Dialect
2020-12-21 00:38:38.822  INFO 12556 --- [restartedMain] o.h.e.t.j.p.i.JtaPlatformInitiator       : HHH000490: Using JtaPlatform implementation: [org.hibernate.engine.transaction.jta.platform.internal.NoJtaPlatform]
2020-12-21 00:38:38.853  INFO 12556 --- [restartedMain] j.LocalContainerEntityManagerFactoryBean : Initialized JPA EntityManagerFactory for persistence unit 'default'
2020-12-21 00:38:39.041  WARN 12556 --- [restartedMain] JpaBaseConfiguration$JpaWebConfiguration : spring.jpa.open-in-view is enabled by default. Therefore, database queries may be performed during view rendering. Explicitly configure spring.jpa.open-in-view to disable this warning
2020-12-21 00:38:41.369  WARN 12556 --- [restartedMain] org.thymeleaf.templatemode.TemplateMode  : [THYMELEAF][restartedMain] Template Mode 'HTML5' is deprecated. Using Template Mode 'HTML' instead.
2020-12-21 00:38:41.603  INFO 12556 --- [restartedMain] .s.s.UserDetailsServiceAutoConfiguration : 

Using generated security password: 7b7976a5-d568-4059-ab23-00fe2cecc80e

2020-12-21 00:38:41.900  INFO 12556 --- [restartedMain] o.s.s.web.DefaultSecurityFilterChain     : Will secure any request with [org.springframework.security.web.context.request.async.WebAsyncManagerIntegrationFilter@4c1f41d8, org.springframework.security.web.context.SecurityContextPersistenceFilter@604b7db5, org.springframework.security.web.header.HeaderWriterFilter@6642fb84, org.springframework.security.web.authentication.logout.LogoutFilter@2c352d, org.springframework.security.web.savedrequest.RequestCacheAwareFilter@5cbd9435, org.springframework.security.web.servletapi.SecurityContextHolderAwareRequestFilter@64d00f78, org.springframework.security.web.authentication.AnonymousAuthenticationFilter@5c89c59a, org.springframework.security.web.session.SessionManagementFilter@724b6c29, org.springframework.security.web.access.ExceptionTranslationFilter@3b52049b]
2020-12-21 00:38:42.667  WARN 12556 --- [restartedMain] ion$DefaultTemplateResolverConfiguration : Cannot find template location: classpath:/templates/ (please add some templates or check your Thymeleaf configuration)
2020-12-21 00:38:43.355  INFO 12556 --- [restartedMain] o.s.b.d.a.OptionalLiveReloadServer       : LiveReload server is running on port 35729
2020-12-21 00:38:43.511  INFO 12556 --- [restartedMain] o.s.b.w.embedded.tomcat.TomcatWebServer  : Tomcat started on port(s): 8080 (http) with context path ''
2020-12-21 00:38:43.542  INFO 12556 --- [restartedMain] b.s.d.DentalclinicApplication            : Started DentalclinicApplication in 22.559 seconds (JVM running for 27.236)
2020-12-21 00:43:20.745  INFO 12556 --- [Thread-38] j.LocalContainerEntityManagerFactoryBean : Closing JPA EntityManagerFactory for persistence unit 'default'
2020-12-21 00:43:20.761  INFO 12556 --- [Thread-38] com.zaxxer.hikari.HikariDataSource       : HikariPool-1 - Shutdown initiated...
2020-12-21 00:43:20.775  INFO 12556 --- [Thread-38] com.zaxxer.hikari.HikariDataSource       : HikariPool-1 - Shutdown completed.
2020-12-21 00:43:21.457  INFO 12556 --- [restartedMain] b.s.d.DentalclinicApplication            : Starting DentalclinicApplication using Java 1.8.0_231 on DESKTOP-K6FD3O4 with PID 12556 (D:\JavaLabs\DentalClinic\target\classes started by valerie_brave in D:\JavaLabs\DentalClinic)
2020-12-21 00:43:21.458  INFO 12556 --- [restartedMain] b.s.d.DentalclinicApplication            : No active profile set, falling back to default profiles: default
2020-12-21 00:43:23.533  INFO 12556 --- [restartedMain] .s.d.r.c.RepositoryConfigurationDelegate : Bootstrapping Spring Data JPA repositories in DEFAULT mode.
2020-12-21 00:43:23.691  INFO 12556 --- [restartedMain] .s.d.r.c.RepositoryConfigurationDelegate : Finished Spring Data repository scanning in 154 ms. Found 4 JPA repository interfaces.
2020-12-21 00:43:24.209  INFO 12556 --- [restartedMain] trationDelegate$BeanPostProcessorChecker : Bean 'org.springframework.security.access.expression.method.DefaultMethodSecurityExpressionHandler@2a3b19fe' of type [org.springframework.security.access.expression.method.DefaultMethodSecurityExpressionHandler] is not eligible for getting processed by all BeanPostProcessors (for example: not eligible for auto-proxying)
2020-12-21 00:43:24.219  INFO 12556 --- [restartedMain] trationDelegate$BeanPostProcessorChecker : Bean 'methodSecurityMetadataSource' of type [org.springframework.security.access.method.DelegatingMethodSecurityMetadataSource] is not eligible for getting processed by all BeanPostProcessors (for example: not eligible for auto-proxying)
2020-12-21 00:43:24.997  INFO 12556 --- [restartedMain] o.s.b.w.embedded.tomcat.TomcatWebServer  : Tomcat initialized with port(s): 8080 (http)
2020-12-21 00:43:25.000  INFO 12556 --- [restartedMain] o.apache.catalina.core.StandardService   : Starting service [Tomcat]
2020-12-21 00:43:25.002  INFO 12556 --- [restartedMain] org.apache.catalina.core.StandardEngine  : Starting Servlet engine: [Apache Tomcat/9.0.41]
2020-12-21 00:43:25.184  INFO 12556 --- [restartedMain] o.a.c.c.C.[Tomcat].[localhost].[/]       : Initializing Spring embedded WebApplicationContext
2020-12-21 00:43:25.185  INFO 12556 --- [restartedMain] w.s.c.ServletWebServerApplicationContext : Root WebApplicationContext: initialization completed in 3715 ms
2020-12-21 00:43:30.855  INFO 12556 --- [restartedMain] com.zaxxer.hikari.HikariDataSource       : HikariPool-2 - Starting...
2020-12-21 00:43:31.019  INFO 12556 --- [restartedMain] com.zaxxer.hikari.HikariDataSource       : HikariPool-2 - Start completed.
2020-12-21 00:43:31.033  INFO 12556 --- [restartedMain] o.hibernate.jpa.internal.util.LogHelper  : HHH000204: Processing PersistenceUnitInfo [name: default]
2020-12-21 00:43:31.049  INFO 12556 --- [restartedMain] org.hibernate.dialect.Dialect            : HHH000400: Using dialect: org.hibernate.dialect.SQLServer2012Dialect
2020-12-21 00:43:31.541  INFO 12556 --- [restartedMain] o.h.e.t.j.p.i.JtaPlatformInitiator       : HHH000490: Using JtaPlatform implementation: [org.hibernate.engine.transaction.jta.platform.internal.NoJtaPlatform]
2020-12-21 00:43:31.543  INFO 12556 --- [restartedMain] j.LocalContainerEntityManagerFactoryBean : Initialized JPA EntityManagerFactory for persistence unit 'default'
2020-12-21 00:43:31.676  WARN 12556 --- [restartedMain] JpaBaseConfiguration$JpaWebConfiguration : spring.jpa.open-in-view is enabled by default. Therefore, database queries may be performed during view rendering. Explicitly configure spring.jpa.open-in-view to disable this warning
2020-12-21 00:43:32.915  WARN 12556 --- [restartedMain] org.thymeleaf.templatemode.TemplateMode  : [THYMELEAF][restartedMain] Template Mode 'HTML5' is deprecated. Using Template Mode 'HTML' instead.
2020-12-21 00:43:33.098  INFO 12556 --- [restartedMain] .s.s.UserDetailsServiceAutoConfiguration : 

Using generated security password: 8b891f82-009e-4283-9343-8d2ca3b248fd

2020-12-21 00:43:33.188  INFO 12556 --- [restartedMain] o.s.s.web.DefaultSecurityFilterChain     : Will secure any request with [org.springframework.security.web.context.request.async.WebAsyncManagerIntegrationFilter@6d36a350, org.springframework.security.web.context.SecurityContextPersistenceFilter@17356daa, org.springframework.security.web.header.HeaderWriterFilter@440a2faa, org.springframework.security.web.authentication.logout.LogoutFilter@72fbbf00, org.springframework.security.web.savedrequest.RequestCacheAwareFilter@72635e75, org.springframework.security.web.servletapi.SecurityContextHolderAwareRequestFilter@294a3ba4, org.springframework.security.web.authentication.AnonymousAuthenticationFilter@15593249, org.springframework.security.web.session.SessionManagementFilter@2aae8c91, org.springframework.security.web.access.ExceptionTranslationFilter@77624a2b]
2020-12-21 00:43:34.206  WARN 12556 --- [restartedMain] ion$DefaultTemplateResolverConfiguration : Cannot find template location: classpath:/templates/ (please add some templates or check your Thymeleaf configuration)
2020-12-21 00:43:34.331  INFO 12556 --- [restartedMain] o.s.b.d.a.OptionalLiveReloadServer       : LiveReload server is running on port 35729
2020-12-21 00:43:34.458  INFO 12556 --- [restartedMain] o.s.b.w.embedded.tomcat.TomcatWebServer  : Tomcat started on port(s): 8080 (http) with context path ''
2020-12-21 00:43:34.537  INFO 12556 --- [restartedMain] b.s.d.DentalclinicApplication            : Started DentalclinicApplication in 13.216 seconds (JVM running for 318.221)
2020-12-21 00:43:34.711  INFO 12556 --- [restartedMain] .ConditionEvaluationDeltaLoggingListener : Condition evaluation unchanged
2020-12-21 00:43:46.108  INFO 12556 --- [Thread-45] j.LocalContainerEntityManagerFactoryBean : Closing JPA EntityManagerFactory for persistence unit 'default'
2020-12-21 00:43:46.115  INFO 12556 --- [Thread-45] com.zaxxer.hikari.HikariDataSource       : HikariPool-2 - Shutdown initiated...
2020-12-21 00:43:46.125  INFO 12556 --- [Thread-45] com.zaxxer.hikari.HikariDataSource       : HikariPool-2 - Shutdown completed.
2020-12-21 00:43:47.971  INFO 12556 --- [restartedMain] b.s.d.DentalclinicApplication            : Starting DentalclinicApplication using Java 1.8.0_231 on DESKTOP-K6FD3O4 with PID 12556 (D:\JavaLabs\DentalClinic\target\classes started by valerie_brave in D:\JavaLabs\DentalClinic)
2020-12-21 00:43:47.972  INFO 12556 --- [restartedMain] b.s.d.DentalclinicApplication            : No active profile set, falling back to default profiles: default
2020-12-21 00:43:49.449  INFO 12556 --- [restartedMain] .s.d.r.c.RepositoryConfigurationDelegate : Bootstrapping Spring Data JPA repositories in DEFAULT mode.
2020-12-21 00:43:50.538  INFO 12556 --- [restartedMain] .s.d.r.c.RepositoryConfigurationDelegate : Finished Spring Data repository scanning in 1084 ms. Found 4 JPA repository interfaces.
2020-12-21 00:43:51.355  INFO 12556 --- [restartedMain] trationDelegate$BeanPostProcessorChecker : Bean 'org.springframework.security.access.expression.method.DefaultMethodSecurityExpressionHandler@5e39d464' of type [org.springframework.security.access.expression.method.DefaultMethodSecurityExpressionHandler] is not eligible for getting processed by all BeanPostProcessors (for example: not eligible for auto-proxying)
2020-12-21 00:43:51.368  INFO 12556 --- [restartedMain] trationDelegate$BeanPostProcessorChecker : Bean 'methodSecurityMetadataSource' of type [org.springframework.security.access.method.DelegatingMethodSecurityMetadataSource] is not eligible for getting processed by all BeanPostProcessors (for example: not eligible for auto-proxying)
2020-12-21 00:43:52.108  INFO 12556 --- [restartedMain] o.s.b.w.embedded.tomcat.TomcatWebServer  : Tomcat initialized with port(s): 8080 (http)
2020-12-21 00:43:52.116  INFO 12556 --- [restartedMain] o.apache.catalina.core.StandardService   : Starting service [Tomcat]
2020-12-21 00:43:52.118  INFO 12556 --- [restartedMain] org.apache.catalina.core.StandardEngine  : Starting Servlet engine: [Apache Tomcat/9.0.41]
2020-12-21 00:43:52.433  INFO 12556 --- [restartedMain] o.a.c.c.C.[Tomcat].[localhost].[/]       : Initializing Spring embedded WebApplicationContext
2020-12-21 00:43:52.434  INFO 12556 --- [restartedMain] w.s.c.ServletWebServerApplicationContext : Root WebApplicationContext: initialization completed in 4438 ms
2020-12-21 00:43:52.628  INFO 12556 --- [restartedMain] com.zaxxer.hikari.HikariDataSource       : HikariPool-3 - Starting...
2020-12-21 00:43:52.664  INFO 12556 --- [restartedMain] com.zaxxer.hikari.HikariDataSource       : HikariPool-3 - Start completed.
2020-12-21 00:43:52.681  INFO 12556 --- [restartedMain] o.hibernate.jpa.internal.util.LogHelper  : HHH000204: Processing PersistenceUnitInfo [name: default]
2020-12-21 00:43:52.695  INFO 12556 --- [restartedMain] org.hibernate.dialect.Dialect            : HHH000400: Using dialect: org.hibernate.dialect.SQLServer2012Dialect
2020-12-21 00:43:56.592  INFO 12556 --- [restartedMain] o.h.e.t.j.p.i.JtaPlatformInitiator       : HHH000490: Using JtaPlatform implementation: [org.hibernate.engine.transaction.jta.platform.internal.NoJtaPlatform]
2020-12-21 00:43:56.593  INFO 12556 --- [restartedMain] j.LocalContainerEntityManagerFactoryBean : Initialized JPA EntityManagerFactory for persistence unit 'default'
2020-12-21 00:43:56.745  WARN 12556 --- [restartedMain] JpaBaseConfiguration$JpaWebConfiguration : spring.jpa.open-in-view is enabled by default. Therefore, database queries may be performed during view rendering. Explicitly configure spring.jpa.open-in-view to disable this warning
2020-12-21 00:43:58.618  WARN 12556 --- [restartedMain] org.thymeleaf.templatemode.TemplateMode  : [THYMELEAF][restartedMain] Template Mode 'HTML5' is deprecated. Using Template Mode 'HTML' instead.
2020-12-21 00:43:58.796  INFO 12556 --- [restartedMain] .s.s.UserDetailsServiceAutoConfiguration : 

Using generated security password: 94ce2522-d876-49cb-a144-8b3e98e56325

2020-12-21 00:43:58.900  INFO 12556 --- [restartedMain] o.s.s.web.DefaultSecurityFilterChain     : Will secure any request with [org.springframework.security.web.context.request.async.WebAsyncManagerIntegrationFilter@3260057a, org.springframework.security.web.context.SecurityContextPersistenceFilter@7b94d75a, org.springframework.security.web.header.HeaderWriterFilter@55dc0ea, org.springframework.security.web.authentication.logout.LogoutFilter@4e520fee, org.springframework.security.web.savedrequest.RequestCacheAwareFilter@6ae2c583, org.springframework.security.web.servletapi.SecurityContextHolderAwareRequestFilter@1d312a5, org.springframework.security.web.authentication.AnonymousAuthenticationFilter@2b3f7fa9, org.springframework.security.web.session.SessionManagementFilter@3354369e, org.springframework.security.web.access.ExceptionTranslationFilter@3a757251]
2020-12-21 00:44:00.349  WARN 12556 --- [restartedMain] ion$DefaultTemplateResolverConfiguration : Cannot find template location: classpath:/templates/ (please add some templates or check your Thymeleaf configuration)
2020-12-21 00:44:00.520  INFO 12556 --- [restartedMain] o.s.b.d.a.OptionalLiveReloadServer       : LiveReload server is running on port 35729
2020-12-21 00:44:00.653  INFO 12556 --- [restartedMain] o.s.b.w.embedded.tomcat.TomcatWebServer  : Tomcat started on port(s): 8080 (http) with context path ''
2020-12-21 00:44:00.688  INFO 12556 --- [restartedMain] b.s.d.DentalclinicApplication            : Started DentalclinicApplication in 13.043 seconds (JVM running for 344.371)
2020-12-21 00:44:00.719  INFO 12556 --- [restartedMain] .ConditionEvaluationDeltaLoggingListener : Condition evaluation unchanged
2020-12-21 00:44:15.628  INFO 4488 --- [main] b.s.d.DentalclinicApplicationTests       : Starting DentalclinicApplicationTests using Java 1.8.0_231 on DESKTOP-K6FD3O4 with PID 4488 (started by valerie_brave in D:\JavaLabs\DentalClinic)
2020-12-21 00:44:15.641  INFO 4488 --- [main] b.s.d.DentalclinicApplicationTests       : No active profile set, falling back to default profiles: default
2020-12-21 00:44:23.431  INFO 4488 --- [main] .s.d.r.c.RepositoryConfigurationDelegate : Bootstrapping Spring Data JPA repositories in DEFAULT mode.
